<?xml version="1.0" encoding="UTF-8"?>
<testng-results ignored="0" total="2" passed="2" failed="0" skipped="0">
  <reporter-output>
    <line>
      <![CDATA[This is @BeforeSuite]]>
    </line>
    <line>
      <![CDATA[This is @BeforeTest]]>
    </line>
    <line>
      <![CDATA[This is @BeforeClass]]>
    </line>
    <line>
      <![CDATA[This is @BeforeMethod]]>
    </line>
    <line>
      <![CDATA[This is @test1]]>
    </line>
    <line>
      <![CDATA[This is @AfterMethod]]>
    </line>
    <line>
      <![CDATA[This is @BeforeMethod]]>
    </line>
    <line>
      <![CDATA[This is @test2]]>
    </line>
    <line>
      <![CDATA[This is @AfterMethod]]>
    </line>
    <line>
      <![CDATA[This is @AfterClass]]>
    </line>
    <line>
      <![CDATA[This is @AfterTest]]>
    </line>
    <line>
      <![CDATA[This is @AfterSuite]]>
    </line>
  </reporter-output>
  <suite started-at="2024-03-13T14:01:10Z" name="Default suite" finished-at="2024-03-13T14:01:10Z" duration-ms="164">
    <groups>
    </groups>
    <test started-at="2024-03-13T14:01:10Z" name="Default test" finished-at="2024-03-13T14:01:10Z" duration-ms="164">
      <class name="learningTestNG.Annotations">
        <test-method is-config="true" signature="beforeSuite()[pri:0, instance:learningTestNG.Annotations@56673b2c]" started-at="2024-03-13T14:01:10Z" name="beforeSuite" finished-at="2024-03-13T14:01:10Z" duration-ms="36" status="PASS">
          <reporter-output>
            <line>
              <![CDATA[This is @BeforeSuite]]>
            </line>
          </reporter-output>
        </test-method> <!-- beforeSuite -->
        <test-method is-config="true" signature="beforeTest()[pri:0, instance:learningTestNG.Annotations@56673b2c]" started-at="2024-03-13T14:01:10Z" name="beforeTest" finished-at="2024-03-13T14:01:10Z" duration-ms="5" status="PASS">
          <reporter-output>
            <line>
              <![CDATA[This is @BeforeTest]]>
            </line>
          </reporter-output>
        </test-method> <!-- beforeTest -->
        <test-method is-config="true" signature="beforeClass()[pri:0, instance:learningTestNG.Annotations@56673b2c]" started-at="2024-03-13T14:01:10Z" name="beforeClass" finished-at="2024-03-13T14:01:10Z" duration-ms="6" status="PASS">
          <reporter-output>
            <line>
              <![CDATA[This is @BeforeClass]]>
            </line>
          </reporter-output>
        </test-method> <!-- beforeClass -->
        <test-method is-config="true" signature="beforeMethod()[pri:0, instance:learningTestNG.Annotations@56673b2c]" started-at="2024-03-13T14:01:10Z" name="beforeMethod" finished-at="2024-03-13T14:01:10Z" duration-ms="6" status="PASS">
          <reporter-output>
            <line>
              <![CDATA[This is @BeforeMethod]]>
            </line>
          </reporter-output>
        </test-method> <!-- beforeMethod -->
        <test-method signature="test1()[pri:0, instance:learningTestNG.Annotations@56673b2c]" started-at="2024-03-13T14:01:10Z" name="test1" finished-at="2024-03-13T14:01:10Z" duration-ms="27" status="PASS">
          <reporter-output>
            <line>
              <![CDATA[This is @test1]]>
            </line>
          </reporter-output>
        </test-method> <!-- test1 -->
        <test-method is-config="true" signature="afterMethod()[pri:0, instance:learningTestNG.Annotations@56673b2c]" started-at="2024-03-13T14:01:10Z" name="afterMethod" finished-at="2024-03-13T14:01:10Z" duration-ms="5" status="PASS">
          <reporter-output>
            <line>
              <![CDATA[This is @AfterMethod]]>
            </line>
          </reporter-output>
        </test-method> <!-- afterMethod -->
        <test-method is-config="true" signature="beforeMethod()[pri:0, instance:learningTestNG.Annotations@56673b2c]" started-at="2024-03-13T14:01:10Z" name="beforeMethod" finished-at="2024-03-13T14:01:10Z" duration-ms="7" status="PASS">
          <reporter-output>
            <line>
              <![CDATA[This is @BeforeMethod]]>
            </line>
          </reporter-output>
        </test-method> <!-- beforeMethod -->
        <test-method signature="test2()[pri:0, instance:learningTestNG.Annotations@56673b2c]" started-at="2024-03-13T14:01:10Z" name="test2" finished-at="2024-03-13T14:01:10Z" duration-ms="19" status="PASS">
          <reporter-output>
            <line>
              <![CDATA[This is @test2]]>
            </line>
          </reporter-output>
        </test-method> <!-- test2 -->
        <test-method is-config="true" signature="afterMethod()[pri:0, instance:learningTestNG.Annotations@56673b2c]" started-at="2024-03-13T14:01:10Z" name="afterMethod" finished-at="2024-03-13T14:01:10Z" duration-ms="6" status="PASS">
          <reporter-output>
            <line>
              <![CDATA[This is @AfterMethod]]>
            </line>
          </reporter-output>
        </test-method> <!-- afterMethod -->
        <test-method is-config="true" signature="afterClass()[pri:0, instance:learningTestNG.Annotations@56673b2c]" started-at="2024-03-13T14:01:10Z" name="afterClass" finished-at="2024-03-13T14:01:10Z" duration-ms="4" status="PASS">
          <reporter-output>
            <line>
              <![CDATA[This is @AfterClass]]>
            </line>
          </reporter-output>
        </test-method> <!-- afterClass -->
        <test-method is-config="true" signature="afterTest()[pri:0, instance:learningTestNG.Annotations@56673b2c]" started-at="2024-03-13T14:01:10Z" name="afterTest" finished-at="2024-03-13T14:01:10Z" duration-ms="5" status="PASS">
          <reporter-output>
            <line>
              <![CDATA[This is @AfterTest]]>
            </line>
          </reporter-output>
        </test-method> <!-- afterTest -->
        <test-method is-config="true" signature="afterSuite()[pri:0, instance:learningTestNG.Annotations@56673b2c]" started-at="2024-03-13T14:01:10Z" name="afterSuite" finished-at="2024-03-13T14:01:10Z" duration-ms="3" status="PASS">
          <reporter-output>
            <line>
              <![CDATA[This is @AfterSuite]]>
            </line>
          </reporter-output>
        </test-method> <!-- afterSuite -->
      </class> <!-- learningTestNG.Annotations -->
    </test> <!-- Default test -->
  </suite> <!-- Default suite -->
</testng-results>
