<?xml version="1.0" encoding="UTF-8"?>
<testng-results ignored="0" total="3" passed="3" failed="0" skipped="0">
  <reporter-output>
    <line>
      <![CDATA[This is Login Method]]>
    </line>
    <line>
      <![CDATA[This is AddTocart Method]]>
    </line>
    <line>
      <![CDATA[This is LoginOut Method]]>
    </line>
  </reporter-output>
  <suite started-at="2024-03-11T14:35:24Z" name="Default suite" finished-at="2024-03-11T14:35:25Z" duration-ms="201">
    <groups>
    </groups>
    <test started-at="2024-03-11T14:35:24Z" name="Default test" finished-at="2024-03-11T14:35:25Z" duration-ms="201">
      <class name="learningTestNG.FirstTestNGClass">
        <test-method signature="login()[pri:1, instance:learningTestNG.FirstTestNGClass@1f53a5dc]" started-at="2024-03-11T14:35:25Z" name="login" finished-at="2024-03-11T14:35:25Z" duration-ms="45" status="PASS">
          <reporter-output>
            <line>
              <![CDATA[This is Login Method]]>
            </line>
          </reporter-output>
        </test-method> <!-- login -->
        <test-method signature="addToCart()[pri:2, instance:learningTestNG.FirstTestNGClass@1f53a5dc]" started-at="2024-03-11T14:35:25Z" name="addToCart" finished-at="2024-03-11T14:35:25Z" duration-ms="22" status="PASS">
          <reporter-output>
            <line>
              <![CDATA[This is AddTocart Method]]>
            </line>
          </reporter-output>
        </test-method> <!-- addToCart -->
        <test-method signature="loginOut()[pri:3, instance:learningTestNG.FirstTestNGClass@1f53a5dc]" started-at="2024-03-11T14:35:25Z" name="loginOut" finished-at="2024-03-11T14:35:25Z" duration-ms="12" status="PASS">
          <reporter-output>
            <line>
              <![CDATA[This is LoginOut Method]]>
            </line>
          </reporter-output>
        </test-method> <!-- loginOut -->
      </class> <!-- learningTestNG.FirstTestNGClass -->
    </test> <!-- Default test -->
  </suite> <!-- Default suite -->
</testng-results>
